<?xml version="1.0" encoding="UTF-8"?>
<testng-results skipped="0" failed="0" total="1" passed="1">
  <reporter-output>
  </reporter-output>
  <suite name="Default suite" duration-ms="1147" started-at="2021-12-14T12:56:17Z" finished-at="2021-12-14T12:56:18Z">
    <groups>
    </groups>
    <test name="Default test" duration-ms="1147" started-at="2021-12-14T12:56:17Z" finished-at="2021-12-14T12:56:18Z">
      <class name="Calculator.addition">
        <test-method status="PASS" signature="beforeSuite()[pri:0, instance:Calculator.addition@174d20a]" name="beforeSuite" is-config="true" duration-ms="3761" started-at="2021-12-14T18:26:13Z" finished-at="2021-12-14T18:26:17Z">
          <reporter-output>
          </reporter-output>
        </test-method> <!-- beforeSuite -->
        <test-method status="PASS" signature="f()[pri:0, instance:Calculator.addition@174d20a]" name="f" duration-ms="1131" started-at="2021-12-14T18:26:17Z" finished-at="2021-12-14T18:26:18Z">
          <reporter-output>
          </reporter-output>
        </test-method> <!-- f -->
        <test-method status="PASS" signature="afterSuite()[pri:0, instance:Calculator.addition@174d20a]" name="afterSuite" is-config="true" duration-ms="0" started-at="2021-12-14T18:26:18Z" finished-at="2021-12-14T18:26:18Z">
          <reporter-output>
          </reporter-output>
        </test-method> <!-- afterSuite -->
      </class> <!-- Calculator.addition -->
    </test> <!-- Default test -->
  </suite> <!-- Default suite -->
</testng-results>
